[2024-03-13 14:45:25,157: INFO: main: >>>>>> stage Data Ingestion stage started <<<<<<]
[2024-03-13 14:45:25,161: INFO: common: yaml file: config\config.yaml loaded successfully]
[2024-03-13 14:45:25,163: INFO: common: yaml file: params.yaml loaded successfully]
[2024-03-13 14:45:25,168: INFO: common: yaml file: schema.yaml loaded successfully]
[2024-03-13 14:45:25,171: INFO: common: created directory at: artifacts]
[2024-03-13 14:45:25,173: INFO: common: created directory at: artifacts/data_ingestion]
[2024-03-13 14:45:28,175: INFO: data_ingestion: artifacts/data_ingestion/data.zip download! with following info: 
Connection: close
Content-Length: 26148
Cache-Control: max-age=300
Content-Security-Policy: default-src 'none'; style-src 'unsafe-inline'; sandbox
Content-Type: application/zip
ETag: "4b28eda31554e671583b8984813309f1d95eb69e1055e048accf107a1cdbfa55"
Strict-Transport-Security: max-age=31536000
X-Content-Type-Options: nosniff
X-Frame-Options: deny
X-XSS-Protection: 1; mode=block
X-GitHub-Request-Id: C7C4:10EA32:565764:716EB1:65F16ED6
Accept-Ranges: bytes
Date: Wed, 13 Mar 2024 09:16:08 GMT
Via: 1.1 varnish
X-Served-By: cache-hyd1100027-HYD
X-Cache: MISS
X-Cache-Hits: 0
X-Timer: S1710321368.062585,VS0,VE301
Vary: Authorization,Accept-Encoding,Origin
Access-Control-Allow-Origin: *
Cross-Origin-Resource-Policy: cross-origin
X-Fastly-Request-ID: 2a13f1d54f79649b680ee74f66a20cc0da7288ba
Expires: Wed, 13 Mar 2024 09:21:08 GMT
Source-Age: 0

]
[2024-03-13 14:45:28,191: INFO: main: >>>>>> stage Data Ingestion stage completed <<<<<<

x==========x]
[2024-03-13 15:22:19,847: INFO: common: yaml file: config\config.yaml loaded successfully]
[2024-03-13 15:22:19,853: INFO: common: yaml file: params.yaml loaded successfully]
[2024-03-13 15:22:19,865: INFO: common: yaml file: schema.yaml loaded successfully]
[2024-03-13 15:22:19,871: INFO: common: created directory at: artifacts]
[2024-03-13 15:22:19,884: INFO: common: created directory at: artifacts/data_validation]
[2024-03-13 15:39:05,744: INFO: main: >>>>>> stage Data Ingestion stage started <<<<<<]
[2024-03-13 15:39:05,750: INFO: common: yaml file: config\config.yaml loaded successfully]
[2024-03-13 15:39:05,752: INFO: common: yaml file: params.yaml loaded successfully]
[2024-03-13 15:39:05,756: INFO: common: yaml file: schema.yaml loaded successfully]
[2024-03-13 15:39:05,758: INFO: common: created directory at: artifacts]
[2024-03-13 15:39:05,759: INFO: common: created directory at: artifacts/data_ingestion]
[2024-03-13 15:39:08,449: INFO: data_ingestion: artifacts/data_ingestion/data.zip download! with following info: 
Connection: close
Content-Length: 26148
Cache-Control: max-age=300
Content-Security-Policy: default-src 'none'; style-src 'unsafe-inline'; sandbox
Content-Type: application/zip
ETag: "4b28eda31554e671583b8984813309f1d95eb69e1055e048accf107a1cdbfa55"
Strict-Transport-Security: max-age=31536000
X-Content-Type-Options: nosniff
X-Frame-Options: deny
X-XSS-Protection: 1; mode=block
X-GitHub-Request-Id: C7C4:10EA32:565764:716EB1:65F16ED6
Accept-Ranges: bytes
Date: Wed, 13 Mar 2024 10:09:48 GMT
Via: 1.1 varnish
X-Served-By: cache-hyd1100031-HYD
X-Cache: HIT
X-Cache-Hits: 1
X-Timer: S1710324588.334865,VS0,VE308
Vary: Authorization,Accept-Encoding,Origin
Access-Control-Allow-Origin: *
Cross-Origin-Resource-Policy: cross-origin
X-Fastly-Request-ID: f7e2588b34f4d8d8816684e8ea827b832b427888
Expires: Wed, 13 Mar 2024 10:14:48 GMT
Source-Age: 0

]
[2024-03-13 15:39:08,460: INFO: main: >>>>>> stage Data Ingestion stage completed <<<<<<

x==========x]
[2024-03-13 15:39:08,461: INFO: main: >>>>>> stage Data Validation stage started <<<<<<]
[2024-03-13 15:39:08,467: INFO: common: yaml file: config\config.yaml loaded successfully]
[2024-03-13 15:39:08,470: INFO: common: yaml file: params.yaml loaded successfully]
[2024-03-13 15:39:08,477: INFO: common: yaml file: schema.yaml loaded successfully]
[2024-03-13 15:39:08,479: INFO: common: created directory at: artifacts]
[2024-03-13 15:39:08,481: INFO: common: created directory at: artifacts/data_validation]
[2024-03-13 15:39:08,482: ERROR: main: name 'DataValiadtion' is not defined]
Traceback (most recent call last):
  File "C:\Users\jaysh\OneDrive\Desktop\ML_Projects\End-to-End_ML_Projects\main.py", line 22, in <module>
    data_ingestion.main()
  File "c:\users\jaysh\onedrive\desktop\ml_projects\end-to-end_ml_projects\src\red_wine_quality_prediction\pipeline\stage_02_data_validation.py", line 15, in main
    data_validation = DataValiadtion(config=data_validation_config)
NameError: name 'DataValiadtion' is not defined
[2024-03-13 15:43:50,725: INFO: main: >>>>>> stage Data Ingestion stage started <<<<<<]
[2024-03-13 15:43:50,731: INFO: common: yaml file: config\config.yaml loaded successfully]
[2024-03-13 15:43:50,735: INFO: common: yaml file: params.yaml loaded successfully]
[2024-03-13 15:43:50,745: INFO: common: yaml file: schema.yaml loaded successfully]
[2024-03-13 15:43:50,748: INFO: common: created directory at: artifacts]
[2024-03-13 15:43:50,750: INFO: common: created directory at: artifacts/data_ingestion]
[2024-03-13 15:43:53,527: INFO: data_ingestion: artifacts/data_ingestion/data.zip download! with following info: 
Connection: close
Content-Length: 26148
Cache-Control: max-age=300
Content-Security-Policy: default-src 'none'; style-src 'unsafe-inline'; sandbox
Content-Type: application/zip
ETag: "4b28eda31554e671583b8984813309f1d95eb69e1055e048accf107a1cdbfa55"
Strict-Transport-Security: max-age=31536000
X-Content-Type-Options: nosniff
X-Frame-Options: deny
X-XSS-Protection: 1; mode=block
X-GitHub-Request-Id: C7C4:10EA32:565764:716EB1:65F16ED6
Accept-Ranges: bytes
Date: Wed, 13 Mar 2024 10:14:33 GMT
Via: 1.1 varnish
X-Served-By: cache-hyd1100029-HYD
X-Cache: HIT
X-Cache-Hits: 1
X-Timer: S1710324874.741387,VS0,VE1
Vary: Authorization,Accept-Encoding,Origin
Access-Control-Allow-Origin: *
Cross-Origin-Resource-Policy: cross-origin
X-Fastly-Request-ID: 9b098c2d6275c92e0b8d309499ce560212e6f993
Expires: Wed, 13 Mar 2024 10:19:33 GMT
Source-Age: 285

]
[2024-03-13 15:43:53,537: INFO: main: >>>>>> stage Data Ingestion stage completed <<<<<<

x==========x]
[2024-03-13 15:43:53,538: INFO: main: >>>>>> stage Data Validation stage started <<<<<<]
[2024-03-13 15:43:53,547: INFO: common: yaml file: config\config.yaml loaded successfully]
[2024-03-13 15:43:53,550: INFO: common: yaml file: params.yaml loaded successfully]
[2024-03-13 15:43:53,558: INFO: common: yaml file: schema.yaml loaded successfully]
[2024-03-13 15:43:53,561: INFO: common: created directory at: artifacts]
[2024-03-13 15:43:53,563: INFO: common: created directory at: artifacts/data_validation]
[2024-03-13 15:43:53,611: INFO: main: >>>>>> stage Data Validation stage completed <<<<<<

x==========x]
[2024-03-13 16:10:51,885: INFO: common: yaml file: config\config.yaml loaded successfully]
[2024-03-13 16:10:51,897: INFO: common: yaml file: params.yaml loaded successfully]
[2024-03-13 16:10:51,910: INFO: common: yaml file: schema.yaml loaded successfully]
[2024-03-13 16:10:51,920: INFO: common: created directory at: artifacts]
[2024-03-13 16:10:51,925: INFO: common: created directory at: artifacts/data_transformation]
[2024-03-13 16:10:52,046: INFO: 1637581648: Splited data into training and test sets]
[2024-03-13 16:10:52,050: INFO: 1637581648: (1199, 12)]
[2024-03-13 16:10:52,053: INFO: 1637581648: (400, 12)]
[2024-03-13 16:29:07,847: INFO: main: >>>>>> stage Data Ingestion stage started <<<<<<]
[2024-03-13 16:29:07,855: INFO: common: yaml file: config\config.yaml loaded successfully]
[2024-03-13 16:29:07,857: INFO: common: yaml file: params.yaml loaded successfully]
[2024-03-13 16:29:07,862: INFO: common: yaml file: schema.yaml loaded successfully]
[2024-03-13 16:29:07,864: INFO: common: created directory at: artifacts]
[2024-03-13 16:29:07,865: INFO: common: created directory at: artifacts/data_ingestion]
[2024-03-13 16:29:10,744: INFO: data_ingestion: artifacts/data_ingestion/data.zip download! with following info: 
Connection: close
Content-Length: 26148
Cache-Control: max-age=300
Content-Security-Policy: default-src 'none'; style-src 'unsafe-inline'; sandbox
Content-Type: application/zip
ETag: "4b28eda31554e671583b8984813309f1d95eb69e1055e048accf107a1cdbfa55"
Strict-Transport-Security: max-age=31536000
X-Content-Type-Options: nosniff
X-Frame-Options: deny
X-XSS-Protection: 1; mode=block
X-GitHub-Request-Id: A83C:31CC28:6DDC8C:77AD73:65F18722
Accept-Ranges: bytes
Date: Wed, 13 Mar 2024 10:59:51 GMT
Via: 1.1 varnish
X-Served-By: cache-bom4725-BOM
X-Cache: MISS
X-Cache-Hits: 0
X-Timer: S1710327591.740916,VS0,VE378
Vary: Authorization,Accept-Encoding,Origin
Access-Control-Allow-Origin: *
Cross-Origin-Resource-Policy: cross-origin
X-Fastly-Request-ID: da29cbcb28190aa1ecfdd1cf744eff682ca07b3c
Expires: Wed, 13 Mar 2024 11:04:51 GMT
Source-Age: 0

]
[2024-03-13 16:29:10,756: INFO: main: >>>>>> stage Data Ingestion stage completed <<<<<<

x==========x]
[2024-03-13 16:29:10,758: INFO: main: >>>>>> stage Data Validation stage started <<<<<<]
[2024-03-13 16:29:10,769: INFO: common: yaml file: config\config.yaml loaded successfully]
[2024-03-13 16:29:10,772: INFO: common: yaml file: params.yaml loaded successfully]
[2024-03-13 16:29:10,783: INFO: common: yaml file: schema.yaml loaded successfully]
[2024-03-13 16:29:10,790: INFO: common: created directory at: artifacts]
[2024-03-13 16:29:10,797: INFO: common: created directory at: artifacts/data_validation]
[2024-03-13 16:29:10,843: INFO: main: >>>>>> stage Data Validation stage completed <<<<<<

x==========x]
[2024-03-13 16:29:10,845: INFO: main: >>>>>> stage Data Transformation stage started <<<<<<]
[2024-03-13 16:29:10,853: INFO: common: yaml file: config\config.yaml loaded successfully]
[2024-03-13 16:29:10,858: INFO: common: yaml file: params.yaml loaded successfully]
[2024-03-13 16:29:10,865: INFO: common: yaml file: schema.yaml loaded successfully]
[2024-03-13 16:29:10,869: INFO: common: created directory at: artifacts]
[2024-03-13 16:29:10,871: INFO: common: created directory at: artifacts/data_transformation]
[2024-03-13 16:29:10,937: INFO: data_transformation: Splited data into training and test sets]
[2024-03-13 16:29:10,938: INFO: data_transformation: (1199, 12)]
[2024-03-13 16:29:10,938: INFO: data_transformation: (400, 12)]
[2024-03-13 16:29:10,939: INFO: main: >>>>>> stage Data Transformation stage completed <<<<<<

x==========x]
[2024-03-14 14:15:41,796: INFO: common: yaml file: config\config.yaml loaded successfully]
[2024-03-14 14:15:41,805: INFO: common: yaml file: params.yaml loaded successfully]
[2024-03-14 14:15:41,818: INFO: common: yaml file: schema.yaml loaded successfully]
[2024-03-14 14:15:41,830: INFO: common: created directory at: artifacts]
[2024-03-14 14:20:40,780: INFO: common: yaml file: config\config.yaml loaded successfully]
[2024-03-14 14:20:40,786: INFO: common: yaml file: params.yaml loaded successfully]
[2024-03-14 14:20:40,802: INFO: common: yaml file: schema.yaml loaded successfully]
[2024-03-14 14:20:40,810: INFO: common: created directory at: artifacts]
[2024-03-14 14:23:06,374: INFO: common: yaml file: config\config.yaml loaded successfully]
[2024-03-14 14:23:06,383: INFO: common: yaml file: params.yaml loaded successfully]
[2024-03-14 14:23:06,396: INFO: common: yaml file: schema.yaml loaded successfully]
[2024-03-14 14:23:06,402: INFO: common: created directory at: artifacts]
[2024-03-14 14:23:21,117: INFO: common: yaml file: config\config.yaml loaded successfully]
[2024-03-14 14:23:21,123: INFO: common: yaml file: params.yaml loaded successfully]
[2024-03-14 14:23:21,134: INFO: common: yaml file: schema.yaml loaded successfully]
[2024-03-14 14:23:21,140: INFO: common: created directory at: artifacts]
[2024-03-14 14:31:43,452: INFO: common: yaml file: config\config.yaml loaded successfully]
[2024-03-14 14:31:43,456: INFO: common: yaml file: params.yaml loaded successfully]
[2024-03-14 14:31:43,465: INFO: common: yaml file: schema.yaml loaded successfully]
[2024-03-14 14:31:43,474: INFO: common: created directory at: artifacts]
[2024-03-14 14:34:01,909: INFO: common: yaml file: config\config.yaml loaded successfully]
[2024-03-14 14:34:01,914: INFO: common: yaml file: params.yaml loaded successfully]
[2024-03-14 14:34:01,923: INFO: common: yaml file: schema.yaml loaded successfully]
[2024-03-14 14:34:01,928: INFO: common: created directory at: artifacts]
[2024-03-14 14:34:01,931: INFO: common: created directory at: artifacts/model_trainer]
[2024-03-14 14:38:30,970: INFO: main: >>>>>> stage Data Ingestion stage started <<<<<<]
[2024-03-14 14:38:30,976: INFO: common: yaml file: config\config.yaml loaded successfully]
[2024-03-14 14:38:30,977: INFO: common: yaml file: params.yaml loaded successfully]
[2024-03-14 14:38:30,982: INFO: common: yaml file: schema.yaml loaded successfully]
[2024-03-14 14:38:30,984: INFO: common: created directory at: artifacts]
[2024-03-14 14:38:30,984: INFO: common: created directory at: artifacts/data_ingestion]
[2024-03-14 14:38:33,465: INFO: data_ingestion: artifacts/data_ingestion/data.zip download! with following info: 
Connection: close
Content-Length: 26148
Cache-Control: max-age=300
Content-Security-Policy: default-src 'none'; style-src 'unsafe-inline'; sandbox
Content-Type: application/zip
ETag: "4b28eda31554e671583b8984813309f1d95eb69e1055e048accf107a1cdbfa55"
Strict-Transport-Security: max-age=31536000
X-Content-Type-Options: nosniff
X-Frame-Options: deny
X-XSS-Protection: 1; mode=block
X-GitHub-Request-Id: 322C:294662:3ED4E2:51A7B9:65F2BE90
Accept-Ranges: bytes
Date: Thu, 14 Mar 2024 09:08:35 GMT
Via: 1.1 varnish
X-Served-By: cache-hyd1100033-HYD
X-Cache: MISS
X-Cache-Hits: 0
X-Timer: S1710407315.729297,VS0,VE352
Vary: Authorization,Accept-Encoding,Origin
Access-Control-Allow-Origin: *
Cross-Origin-Resource-Policy: cross-origin
X-Fastly-Request-ID: c5dc693c9a73845e5879209a56d0c264f3a86dd9
Expires: Thu, 14 Mar 2024 09:13:35 GMT
Source-Age: 0

]
[2024-03-14 14:38:33,473: INFO: main: >>>>>> stage Data Ingestion stage completed <<<<<<

x==========x]
[2024-03-14 14:38:33,474: INFO: main: >>>>>> stage Data Validation stage started <<<<<<]
[2024-03-14 14:38:33,482: INFO: common: yaml file: config\config.yaml loaded successfully]
[2024-03-14 14:38:33,484: INFO: common: yaml file: params.yaml loaded successfully]
[2024-03-14 14:38:33,489: INFO: common: yaml file: schema.yaml loaded successfully]
[2024-03-14 14:38:33,491: INFO: common: created directory at: artifacts]
[2024-03-14 14:38:33,492: INFO: common: created directory at: artifacts/data_validation]
[2024-03-14 14:38:33,524: INFO: main: >>>>>> stage Data Validation stage completed <<<<<<

x==========x]
[2024-03-14 14:38:33,526: INFO: main: >>>>>> stage Data Transformation stage started <<<<<<]
[2024-03-14 14:38:33,536: INFO: common: yaml file: config\config.yaml loaded successfully]
[2024-03-14 14:38:33,538: INFO: common: yaml file: params.yaml loaded successfully]
[2024-03-14 14:38:33,547: INFO: common: yaml file: schema.yaml loaded successfully]
[2024-03-14 14:38:33,550: INFO: common: created directory at: artifacts]
[2024-03-14 14:38:33,553: INFO: common: created directory at: artifacts/data_transformation]
[2024-03-14 14:38:33,609: INFO: data_transformation: Splited data into training and test sets]
[2024-03-14 14:38:33,609: INFO: data_transformation: (1199, 12)]
[2024-03-14 14:38:33,610: INFO: data_transformation: (400, 12)]
[2024-03-14 14:38:33,610: INFO: main: >>>>>> stage Data Transformation stage completed <<<<<<

x==========x]
[2024-03-14 14:38:33,611: INFO: main: >>>>>> stage Model Trainer stage started <<<<<<]
[2024-03-14 14:38:33,617: INFO: common: yaml file: config\config.yaml loaded successfully]
[2024-03-14 14:38:33,619: INFO: common: yaml file: params.yaml loaded successfully]
[2024-03-14 14:38:33,626: INFO: common: yaml file: schema.yaml loaded successfully]
[2024-03-14 14:38:33,628: INFO: common: created directory at: artifacts]
[2024-03-14 14:38:33,630: INFO: common: created directory at: artifacts/model_trainer]
[2024-03-14 14:38:33,657: INFO: main: >>>>>> stage Model Trainer stage completed <<<<<<

x==========x]
